2025-06-18T12:19:15.882+03:00  INFO 11896 --- [main] ru.practicum.ShareItApplication          : Starting ShareItApplication using Java 23.0.1 with PID 11896 (C:\Users\Макс\ShareIt\target\classes started by Maks in C:\Users\Макс\ShareIt)
2025-06-18T12:19:15.889+03:00 DEBUG 11896 --- [main] ru.practicum.ShareItApplication          : Running with Spring Boot v3.2.0, Spring v6.1.1
2025-06-18T12:19:15.891+03:00  INFO 11896 --- [main] ru.practicum.ShareItApplication          : No active profile set, falling back to 1 default profile: "default"
2025-06-18T12:19:17.373+03:00  INFO 11896 --- [main] .s.d.r.c.RepositoryConfigurationDelegate : Bootstrapping Spring Data JPA repositories in DEFAULT mode.
2025-06-18T12:19:17.417+03:00  INFO 11896 --- [main] .s.d.r.c.RepositoryConfigurationDelegate : Finished Spring Data repository scanning in 30 ms. Found 0 JPA repository interfaces.
2025-06-18T12:19:18.531+03:00  INFO 11896 --- [main] o.s.b.w.embedded.tomcat.TomcatWebServer  : Tomcat initialized with port 8080 (http)
2025-06-18T12:19:18.541+03:00  INFO 11896 --- [main] o.apache.catalina.core.StandardService   : Starting service [Tomcat]
2025-06-18T12:19:18.541+03:00  INFO 11896 --- [main] o.apache.catalina.core.StandardEngine    : Starting Servlet engine: [Apache Tomcat/10.1.16]
2025-06-18T12:19:18.631+03:00  INFO 11896 --- [main] o.a.c.c.C.[Tomcat].[localhost].[/]       : Initializing Spring embedded WebApplicationContext
2025-06-18T12:19:18.633+03:00  INFO 11896 --- [main] w.s.c.ServletWebServerApplicationContext : Root WebApplicationContext: initialization completed in 2643 ms
2025-06-18T12:19:19.191+03:00  INFO 11896 --- [main] com.zaxxer.hikari.HikariDataSource       : HikariPool-1 - Starting...
2025-06-18T12:19:19.548+03:00  INFO 11896 --- [main] com.zaxxer.hikari.pool.HikariPool        : HikariPool-1 - Added connection conn0: url=jdbc:h2:mem:45f19564-863c-449f-b36f-b0df89d70d96 user=SA
2025-06-18T12:19:19.550+03:00  INFO 11896 --- [main] com.zaxxer.hikari.HikariDataSource       : HikariPool-1 - Start completed.
2025-06-18T12:19:19.715+03:00  INFO 11896 --- [main] o.hibernate.jpa.internal.util.LogHelper  : HHH000204: Processing PersistenceUnitInfo [name: default]
2025-06-18T12:19:19.862+03:00  INFO 11896 --- [main] org.hibernate.Version                    : HHH000412: Hibernate ORM core version 6.3.1.Final
2025-06-18T12:19:19.954+03:00  INFO 11896 --- [main] o.h.c.internal.RegionFactoryInitiator    : HHH000026: Second-level cache disabled
2025-06-18T12:19:20.260+03:00  INFO 11896 --- [main] o.s.o.j.p.SpringPersistenceUnitInfo      : No LoadTimeWeaver setup: ignoring JPA class transformer
2025-06-18T12:19:20.535+03:00  INFO 11896 --- [main] o.h.e.t.j.p.i.JtaPlatformInitiator       : HHH000489: No JTA platform available (set 'hibernate.transaction.jta.platform' to enable JTA platform integration)
2025-06-18T12:19:20.539+03:00  INFO 11896 --- [main] j.LocalContainerEntityManagerFactoryBean : Initialized JPA EntityManagerFactory for persistence unit 'default'
2025-06-18T12:19:20.811+03:00  INFO 11896 --- [main] o.s.b.w.embedded.tomcat.TomcatWebServer  : Tomcat started on port 8080 (http) with context path ''
2025-06-18T12:19:20.837+03:00  WARN 11896 --- [main] JpaBaseConfiguration$JpaWebConfiguration : spring.jpa.open-in-view is enabled by default. Therefore, database queries may be performed during view rendering. Explicitly configure spring.jpa.open-in-view to disable this warning
2025-06-18T12:19:20.854+03:00  INFO 11896 --- [main] ru.practicum.ShareItApplication          : Started ShareItApplication in 5.576 seconds (process running for 6.161)
2025-06-18T12:19:48.149+03:00  INFO 11896 --- [http-nio-0.0.0.0-8080-exec-1] o.a.c.c.C.[Tomcat].[localhost].[/]       : Initializing Spring DispatcherServlet 'dispatcherServlet'
2025-06-18T12:19:48.149+03:00  INFO 11896 --- [http-nio-0.0.0.0-8080-exec-1] o.s.web.servlet.DispatcherServlet        : Initializing Servlet 'dispatcherServlet'
2025-06-18T12:19:48.752+03:00  INFO 11896 --- [http-nio-0.0.0.0-8080-exec-1] o.s.web.servlet.DispatcherServlet        : Completed initialization in 603 ms
2025-06-18T12:24:17.577+03:00  INFO 11896 --- [SpringApplicationShutdownHook] j.LocalContainerEntityManagerFactoryBean : Closing JPA EntityManagerFactory for persistence unit 'default'
2025-06-18T12:24:17.578+03:00  INFO 11896 --- [SpringApplicationShutdownHook] com.zaxxer.hikari.HikariDataSource       : HikariPool-1 - Shutdown initiated...
2025-06-18T12:24:17.579+03:00  INFO 11896 --- [SpringApplicationShutdownHook] com.zaxxer.hikari.HikariDataSource       : HikariPool-1 - Shutdown completed.
2025-06-18T12:37:38.691+03:00  INFO 6516 --- [main] ru.practicum.ShareItApplication          : Starting ShareItApplication using Java 23.0.1 with PID 6516 (C:\Users\Макс\ShareIt\target\classes started by Maks in C:\Users\Макс\ShareIt)
2025-06-18T12:37:38.692+03:00 DEBUG 6516 --- [main] ru.practicum.ShareItApplication          : Running with Spring Boot v3.2.0, Spring v6.1.1
2025-06-18T12:37:38.693+03:00  INFO 6516 --- [main] ru.practicum.ShareItApplication          : No active profile set, falling back to 1 default profile: "default"
2025-06-18T12:37:39.253+03:00  INFO 6516 --- [main] .s.d.r.c.RepositoryConfigurationDelegate : Bootstrapping Spring Data JPA repositories in DEFAULT mode.
2025-06-18T12:37:39.273+03:00  INFO 6516 --- [main] .s.d.r.c.RepositoryConfigurationDelegate : Finished Spring Data repository scanning in 13 ms. Found 0 JPA repository interfaces.
2025-06-18T12:37:39.669+03:00  INFO 6516 --- [main] o.s.b.w.embedded.tomcat.TomcatWebServer  : Tomcat initialized with port 8080 (http)
2025-06-18T12:37:39.678+03:00  INFO 6516 --- [main] o.apache.catalina.core.StandardService   : Starting service [Tomcat]
2025-06-18T12:37:39.679+03:00  INFO 6516 --- [main] o.apache.catalina.core.StandardEngine    : Starting Servlet engine: [Apache Tomcat/10.1.16]
2025-06-18T12:37:39.731+03:00  INFO 6516 --- [main] o.a.c.c.C.[Tomcat].[localhost].[/]       : Initializing Spring embedded WebApplicationContext
2025-06-18T12:37:39.731+03:00  INFO 6516 --- [main] w.s.c.ServletWebServerApplicationContext : Root WebApplicationContext: initialization completed in 1001 ms
2025-06-18T12:37:39.857+03:00  INFO 6516 --- [main] com.zaxxer.hikari.HikariDataSource       : HikariPool-1 - Starting...
2025-06-18T12:37:40.004+03:00  INFO 6516 --- [main] com.zaxxer.hikari.pool.HikariPool        : HikariPool-1 - Added connection conn0: url=jdbc:h2:mem:3ef7741f-7905-4679-a568-be4302a3309c user=SA
2025-06-18T12:37:40.006+03:00  INFO 6516 --- [main] com.zaxxer.hikari.HikariDataSource       : HikariPool-1 - Start completed.
2025-06-18T12:37:40.064+03:00  INFO 6516 --- [main] o.hibernate.jpa.internal.util.LogHelper  : HHH000204: Processing PersistenceUnitInfo [name: default]
2025-06-18T12:37:40.134+03:00  INFO 6516 --- [main] org.hibernate.Version                    : HHH000412: Hibernate ORM core version 6.3.1.Final
2025-06-18T12:37:40.175+03:00  INFO 6516 --- [main] o.h.c.internal.RegionFactoryInitiator    : HHH000026: Second-level cache disabled
2025-06-18T12:37:40.358+03:00  INFO 6516 --- [main] o.s.o.j.p.SpringPersistenceUnitInfo      : No LoadTimeWeaver setup: ignoring JPA class transformer
2025-06-18T12:37:40.560+03:00  INFO 6516 --- [main] o.h.e.t.j.p.i.JtaPlatformInitiator       : HHH000489: No JTA platform available (set 'hibernate.transaction.jta.platform' to enable JTA platform integration)
2025-06-18T12:37:40.563+03:00  INFO 6516 --- [main] j.LocalContainerEntityManagerFactoryBean : Initialized JPA EntityManagerFactory for persistence unit 'default'
2025-06-18T12:37:40.636+03:00  INFO 6516 --- [main] o.s.b.w.embedded.tomcat.TomcatWebServer  : Tomcat started on port 8080 (http) with context path ''
2025-06-18T12:37:40.648+03:00  WARN 6516 --- [main] JpaBaseConfiguration$JpaWebConfiguration : spring.jpa.open-in-view is enabled by default. Therefore, database queries may be performed during view rendering. Explicitly configure spring.jpa.open-in-view to disable this warning
2025-06-18T12:37:40.659+03:00  INFO 6516 --- [main] ru.practicum.ShareItApplication          : Started ShareItApplication in 2.282 seconds (process running for 2.57)
2025-06-18T12:38:00.563+03:00  INFO 6516 --- [http-nio-0.0.0.0-8080-exec-2] o.a.c.c.C.[Tomcat].[localhost].[/]       : Initializing Spring DispatcherServlet 'dispatcherServlet'
2025-06-18T12:38:00.564+03:00  INFO 6516 --- [http-nio-0.0.0.0-8080-exec-2] o.s.web.servlet.DispatcherServlet        : Initializing Servlet 'dispatcherServlet'
2025-06-18T12:38:00.955+03:00  INFO 6516 --- [http-nio-0.0.0.0-8080-exec-2] o.s.web.servlet.DispatcherServlet        : Completed initialization in 391 ms
2025-06-18T12:38:14.748+03:00  INFO 6516 --- [SpringApplicationShutdownHook] j.LocalContainerEntityManagerFactoryBean : Closing JPA EntityManagerFactory for persistence unit 'default'
2025-06-18T12:38:14.749+03:00  INFO 6516 --- [SpringApplicationShutdownHook] com.zaxxer.hikari.HikariDataSource       : HikariPool-1 - Shutdown initiated...
2025-06-18T12:38:14.751+03:00  INFO 6516 --- [SpringApplicationShutdownHook] com.zaxxer.hikari.HikariDataSource       : HikariPool-1 - Shutdown completed.
2025-06-18T12:43:59.354+03:00  INFO 2480 --- [main] ru.practicum.ShareItApplication          : Starting ShareItApplication using Java 23.0.1 with PID 2480 (C:\Users\Макс\ShareIt\target\classes started by Maks in C:\Users\Макс\ShareIt)
2025-06-18T12:43:59.355+03:00 DEBUG 2480 --- [main] ru.practicum.ShareItApplication          : Running with Spring Boot v3.2.0, Spring v6.1.1
2025-06-18T12:43:59.356+03:00  INFO 2480 --- [main] ru.practicum.ShareItApplication          : No active profile set, falling back to 1 default profile: "default"
2025-06-18T12:43:59.901+03:00  INFO 2480 --- [main] .s.d.r.c.RepositoryConfigurationDelegate : Bootstrapping Spring Data JPA repositories in DEFAULT mode.
2025-06-18T12:43:59.920+03:00  INFO 2480 --- [main] .s.d.r.c.RepositoryConfigurationDelegate : Finished Spring Data repository scanning in 12 ms. Found 0 JPA repository interfaces.
2025-06-18T12:44:00.294+03:00  INFO 2480 --- [main] o.s.b.w.embedded.tomcat.TomcatWebServer  : Tomcat initialized with port 8080 (http)
2025-06-18T12:44:00.301+03:00  INFO 2480 --- [main] o.apache.catalina.core.StandardService   : Starting service [Tomcat]
2025-06-18T12:44:00.302+03:00  INFO 2480 --- [main] o.apache.catalina.core.StandardEngine    : Starting Servlet engine: [Apache Tomcat/10.1.16]
2025-06-18T12:44:00.352+03:00  INFO 2480 --- [main] o.a.c.c.C.[Tomcat].[localhost].[/]       : Initializing Spring embedded WebApplicationContext
2025-06-18T12:44:00.353+03:00  INFO 2480 --- [main] w.s.c.ServletWebServerApplicationContext : Root WebApplicationContext: initialization completed in 959 ms
2025-06-18T12:44:00.476+03:00  INFO 2480 --- [main] com.zaxxer.hikari.HikariDataSource       : HikariPool-1 - Starting...
2025-06-18T12:44:00.611+03:00  INFO 2480 --- [main] com.zaxxer.hikari.pool.HikariPool        : HikariPool-1 - Added connection conn0: url=jdbc:h2:mem:a1dfe718-db43-4eb1-a15e-b713d63fa69c user=SA
2025-06-18T12:44:00.612+03:00  INFO 2480 --- [main] com.zaxxer.hikari.HikariDataSource       : HikariPool-1 - Start completed.
2025-06-18T12:44:00.668+03:00  INFO 2480 --- [main] o.hibernate.jpa.internal.util.LogHelper  : HHH000204: Processing PersistenceUnitInfo [name: default]
2025-06-18T12:44:00.739+03:00  INFO 2480 --- [main] org.hibernate.Version                    : HHH000412: Hibernate ORM core version 6.3.1.Final
2025-06-18T12:44:00.779+03:00  INFO 2480 --- [main] o.h.c.internal.RegionFactoryInitiator    : HHH000026: Second-level cache disabled
2025-06-18T12:44:00.966+03:00  INFO 2480 --- [main] o.s.o.j.p.SpringPersistenceUnitInfo      : No LoadTimeWeaver setup: ignoring JPA class transformer
2025-06-18T12:44:01.177+03:00  INFO 2480 --- [main] o.h.e.t.j.p.i.JtaPlatformInitiator       : HHH000489: No JTA platform available (set 'hibernate.transaction.jta.platform' to enable JTA platform integration)
2025-06-18T12:44:01.180+03:00  INFO 2480 --- [main] j.LocalContainerEntityManagerFactoryBean : Initialized JPA EntityManagerFactory for persistence unit 'default'
2025-06-18T12:44:01.259+03:00  INFO 2480 --- [main] o.s.b.w.embedded.tomcat.TomcatWebServer  : Tomcat started on port 8080 (http) with context path ''
2025-06-18T12:44:01.270+03:00  WARN 2480 --- [main] JpaBaseConfiguration$JpaWebConfiguration : spring.jpa.open-in-view is enabled by default. Therefore, database queries may be performed during view rendering. Explicitly configure spring.jpa.open-in-view to disable this warning
2025-06-18T12:44:01.281+03:00  INFO 2480 --- [main] ru.practicum.ShareItApplication          : Started ShareItApplication in 2.279 seconds (process running for 2.562)
2025-06-18T12:44:05.451+03:00  INFO 2480 --- [SpringApplicationShutdownHook] j.LocalContainerEntityManagerFactoryBean : Closing JPA EntityManagerFactory for persistence unit 'default'
2025-06-18T12:44:05.453+03:00  INFO 2480 --- [SpringApplicationShutdownHook] com.zaxxer.hikari.HikariDataSource       : HikariPool-1 - Shutdown initiated...
2025-06-18T12:44:05.454+03:00  INFO 2480 --- [SpringApplicationShutdownHook] com.zaxxer.hikari.HikariDataSource       : HikariPool-1 - Shutdown completed.
